<?xml version="1.0" encoding="UTF-8"?>
<!-- Generated by org.testng.reporters.JUnitXMLReporter -->
<testsuite hostname="C40BF52AGJUNC" ignored="1" name="User-management" tests="13" failures="0" timestamp="23 Jan 2019 14:02:19 GMT" time="8.184" errors="0">
  <testcase name="getAPITestWithHeaders" time="1.216" classname="com.qa.tester.GetAPIwithHeaders"/>
  <testcase name="validateHeaders" time="0.001" classname="com.qa.tester.GetAPIwithHeaders"/>
  <testcase name="validateResponseData" time="0.009" classname="com.qa.tester.GetAPIwithHeaders"/>
  <testcase name="validateStatusCode" time="0.001" classname="com.qa.tester.GetAPIwithHeaders"/>
  <testcase name="getAPITestWithoutHeaders" time="3.696" classname="com.qa.tester.GetAPIwithoutHeaders"/>
  <testcase name="validateHeadersInResponse" time="0.001" classname="com.qa.tester.GetAPIwithoutHeaders"/>
  <testcase name="validateResponseData" time="0.002" classname="com.qa.tester.GetAPIwithoutHeaders"/>
  <testcase name="validateResponseTime" time="0.001" classname="com.qa.tester.GetAPIwithoutHeaders"/>
  <testcase name="validateStatusCode" time="0.001" classname="com.qa.tester.GetAPIwithoutHeaders"/>
  <testcase name="PostAPItest" time="0.983" classname="com.qa.tester.PostAPITest"/>
  <testcase name="deleteAPI" time="0.925" classname="com.qa.tester.deleteAPItest"/>
  <testcase name="validatePut" time="0.886" classname="com.qa.tester.putAPITest"/>
  <testcase name="validateResponseTime" time="0.002" classname="com.qa.tester.putAPITest"/>
  <testcase name="validateRandom" time="0.0" classname="com.qa.tester.putAPITest">
    <ignored/>
  </testcase> <!-- validateRandom -->
</testsuite> <!-- User-management -->
