<?xml version="1.0" encoding="UTF-8"?>
<testng-results skipped="0" failed="0" ignored="0" total="1" passed="1">
  <reporter-output>
  </reporter-output>
  <suite name="Default suite" duration-ms="21258" started-at="2019-01-28T10:19:27Z" finished-at="2019-01-28T10:19:48Z">
    <groups>
    </groups>
    <test name="Default test" duration-ms="21258" started-at="2019-01-28T10:19:27Z" finished-at="2019-01-28T10:19:48Z">
      <class name="com.qa.tester.sendAnEmail">
        <test-method status="PASS" signature="f()[pri:0, instance:com.qa.tester.sendAnEmail@31dc339b]" name="f" duration-ms="21238" started-at="2019-01-28T10:19:27Z" finished-at="2019-01-28T10:19:48Z">
          <reporter-output>
          </reporter-output>
        </test-method> <!-- f -->
      </class> <!-- com.qa.tester.sendAnEmail -->
    </test> <!-- Default test -->
  </suite> <!-- Default suite -->
</testng-results>
